2024-05-26 18:08:45,683 INFO za.co.mealprep.MealprepApplication [main] Starting MealprepApplication using Java 17.0.5 with PID 24384 (C:\Software\Projects\mealprep\mealprep\target\classes started by Travm in C:\Software\Projects\mealprep)
2024-05-26 18:08:45,685 INFO za.co.mealprep.MealprepApplication [main] No active profile set, falling back to 1 default profile: "default"
2024-05-26 18:08:45,724 WARN org.springframework.boot.web.servlet.context.AnnotationConfigServletWebServerApplicationContext [main] Exception encountered during context initialization - cancelling refresh attempt: java.lang.NoClassDefFoundError: javax/servlet/ServletRequest
2024-05-26 18:08:45,968 ERROR org.springframework.boot.SpringApplication [main] Application run failed
java.lang.NoClassDefFoundError: javax/servlet/ServletRequest
	at org.springframework.web.context.support.WebApplicationContextUtils.registerWebApplicationScopes(WebApplicationContextUtils.java:195)
	at org.springframework.web.context.support.WebApplicationContextUtils.registerWebApplicationScopes(WebApplicationContextUtils.java:174)
	at org.springframework.boot.web.servlet.context.ServletWebServerApplicationContext.registerWebApplicationScopes(ServletWebServerApplicationContext.java:254)
	at org.springframework.boot.web.servlet.context.ServletWebServerApplicationContext.postProcessBeanFactory(ServletWebServerApplicationContext.java:140)
	at org.springframework.boot.web.servlet.context.AnnotationConfigServletWebServerApplicationContext.postProcessBeanFactory(AnnotationConfigServletWebServerApplicationContext.java:200)
	at org.springframework.context.support.AbstractApplicationContext.refresh(AbstractApplicationContext.java:602)
	at org.springframework.boot.web.servlet.context.ServletWebServerApplicationContext.refresh(ServletWebServerApplicationContext.java:146)
	at org.springframework.boot.SpringApplication.refresh(SpringApplication.java:754)
	at org.springframework.boot.SpringApplication.refreshContext(SpringApplication.java:456)
	at org.springframework.boot.SpringApplication.run(SpringApplication.java:334)
	at org.springframework.boot.SpringApplication.run(SpringApplication.java:1354)
	at org.springframework.boot.SpringApplication.run(SpringApplication.java:1343)
	at za.co.mealprep.MealprepApplication.main(MealprepApplication.java:15)
Caused by: java.lang.ClassNotFoundException: javax.servlet.ServletRequest
	at java.base/jdk.internal.loader.BuiltinClassLoader.loadClass(BuiltinClassLoader.java:641)
	at java.base/jdk.internal.loader.ClassLoaders$AppClassLoader.loadClass(ClassLoaders.java:188)
	at java.base/java.lang.ClassLoader.loadClass(ClassLoader.java:520)
	... 13 common frames omitted
2024-05-26 18:10:10,425 INFO za.co.mealprep.MealprepApplication [main] Starting MealprepApplication using Java 17.0.5 with PID 18568 (C:\Software\Projects\mealprep\mealprep\target\classes started by Travm in C:\Software\Projects\mealprep)
2024-05-26 18:10:10,427 INFO za.co.mealprep.MealprepApplication [main] No active profile set, falling back to 1 default profile: "default"
2024-05-26 18:10:10,472 WARN org.springframework.boot.web.servlet.context.AnnotationConfigServletWebServerApplicationContext [main] Exception encountered during context initialization - cancelling refresh attempt: java.lang.NoClassDefFoundError: javax/servlet/ServletRequest
2024-05-26 18:10:10,714 ERROR org.springframework.boot.SpringApplication [main] Application run failed
java.lang.NoClassDefFoundError: javax/servlet/ServletRequest
	at org.springframework.web.context.support.WebApplicationContextUtils.registerWebApplicationScopes(WebApplicationContextUtils.java:195)
	at org.springframework.web.context.support.WebApplicationContextUtils.registerWebApplicationScopes(WebApplicationContextUtils.java:174)
	at org.springframework.boot.web.servlet.context.ServletWebServerApplicationContext.registerWebApplicationScopes(ServletWebServerApplicationContext.java:254)
	at org.springframework.boot.web.servlet.context.ServletWebServerApplicationContext.postProcessBeanFactory(ServletWebServerApplicationContext.java:140)
	at org.springframework.boot.web.servlet.context.AnnotationConfigServletWebServerApplicationContext.postProcessBeanFactory(AnnotationConfigServletWebServerApplicationContext.java:200)
	at org.springframework.context.support.AbstractApplicationContext.refresh(AbstractApplicationContext.java:602)
	at org.springframework.boot.web.servlet.context.ServletWebServerApplicationContext.refresh(ServletWebServerApplicationContext.java:146)
	at org.springframework.boot.SpringApplication.refresh(SpringApplication.java:754)
	at org.springframework.boot.SpringApplication.refreshContext(SpringApplication.java:456)
	at org.springframework.boot.SpringApplication.run(SpringApplication.java:334)
	at org.springframework.boot.SpringApplication.run(SpringApplication.java:1354)
	at org.springframework.boot.SpringApplication.run(SpringApplication.java:1343)
	at za.co.mealprep.MealprepApplication.main(MealprepApplication.java:15)
Caused by: java.lang.ClassNotFoundException: javax.servlet.ServletRequest
	at java.base/jdk.internal.loader.BuiltinClassLoader.loadClass(BuiltinClassLoader.java:641)
	at java.base/jdk.internal.loader.ClassLoaders$AppClassLoader.loadClass(ClassLoaders.java:188)
	at java.base/java.lang.ClassLoader.loadClass(ClassLoader.java:520)
	... 13 common frames omitted
2024-05-26 18:11:32,057 INFO za.co.mealprep.MealprepApplication [main] Starting MealprepApplication using Java 17.0.5 with PID 13100 (C:\Software\Projects\mealprep\mealprep\target\classes started by Travm in C:\Software\Projects\mealprep)
2024-05-26 18:11:32,060 INFO za.co.mealprep.MealprepApplication [main] No active profile set, falling back to 1 default profile: "default"
2024-05-26 18:11:32,103 WARN org.springframework.boot.web.servlet.context.AnnotationConfigServletWebServerApplicationContext [main] Exception encountered during context initialization - cancelling refresh attempt: java.lang.NoClassDefFoundError: javax/servlet/ServletRequest
2024-05-26 18:11:32,361 ERROR org.springframework.boot.SpringApplication [main] Application run failed
java.lang.NoClassDefFoundError: javax/servlet/ServletRequest
	at org.springframework.web.context.support.WebApplicationContextUtils.registerWebApplicationScopes(WebApplicationContextUtils.java:195)
	at org.springframework.web.context.support.WebApplicationContextUtils.registerWebApplicationScopes(WebApplicationContextUtils.java:174)
	at org.springframework.boot.web.servlet.context.ServletWebServerApplicationContext.registerWebApplicationScopes(ServletWebServerApplicationContext.java:254)
	at org.springframework.boot.web.servlet.context.ServletWebServerApplicationContext.postProcessBeanFactory(ServletWebServerApplicationContext.java:140)
	at org.springframework.boot.web.servlet.context.AnnotationConfigServletWebServerApplicationContext.postProcessBeanFactory(AnnotationConfigServletWebServerApplicationContext.java:200)
	at org.springframework.context.support.AbstractApplicationContext.refresh(AbstractApplicationContext.java:602)
	at org.springframework.boot.web.servlet.context.ServletWebServerApplicationContext.refresh(ServletWebServerApplicationContext.java:146)
	at org.springframework.boot.SpringApplication.refresh(SpringApplication.java:754)
	at org.springframework.boot.SpringApplication.refreshContext(SpringApplication.java:456)
	at org.springframework.boot.SpringApplication.run(SpringApplication.java:334)
	at org.springframework.boot.SpringApplication.run(SpringApplication.java:1354)
	at org.springframework.boot.SpringApplication.run(SpringApplication.java:1343)
	at za.co.mealprep.MealprepApplication.main(MealprepApplication.java:15)
Caused by: java.lang.ClassNotFoundException: javax.servlet.ServletRequest
	at java.base/jdk.internal.loader.BuiltinClassLoader.loadClass(BuiltinClassLoader.java:641)
	at java.base/jdk.internal.loader.ClassLoaders$AppClassLoader.loadClass(ClassLoaders.java:188)
	at java.base/java.lang.ClassLoader.loadClass(ClassLoader.java:520)
	... 13 common frames omitted
2024-05-26 18:11:53,087 INFO za.co.mealprep.MealprepApplication [main] Starting MealprepApplication using Java 17.0.5 with PID 22640 (C:\Software\Projects\mealprep\mealprep\target\classes started by Travm in C:\Software\Projects\mealprep)
2024-05-26 18:11:53,089 INFO za.co.mealprep.MealprepApplication [main] No active profile set, falling back to 1 default profile: "default"
2024-05-26 18:11:53,910 INFO org.springframework.data.repository.config.RepositoryConfigurationDelegate [main] Bootstrapping Spring Data JPA repositories in DEFAULT mode.
2024-05-26 18:11:53,973 INFO org.springframework.data.repository.config.RepositoryConfigurationDelegate [main] Finished Spring Data repository scanning in 55 ms. Found 5 JPA repository interfaces.
2024-05-26 18:11:54,538 INFO org.springframework.boot.web.embedded.tomcat.TomcatWebServer [main] Tomcat initialized with port 8080 (http)
2024-05-26 18:11:54,547 INFO org.apache.catalina.core.StandardService [main] Starting service [Tomcat]
2024-05-26 18:11:54,547 INFO org.apache.catalina.core.StandardEngine [main] Starting Servlet engine: [Apache Tomcat/10.1.20]
2024-05-26 18:11:54,603 INFO org.apache.catalina.core.ContainerBase.[Tomcat].[localhost].[/] [main] Initializing Spring embedded WebApplicationContext
2024-05-26 18:11:54,604 INFO org.springframework.boot.web.servlet.context.ServletWebServerApplicationContext [main] Root WebApplicationContext: initialization completed in 1484 ms
2024-05-26 18:11:54,819 INFO com.zaxxer.hikari.HikariDataSource [main] HikariPool-1 - Starting...
2024-05-26 18:11:55,945 ERROR com.zaxxer.hikari.pool.HikariPool [main] HikariPool-1 - Exception during pool initialization.
org.postgresql.util.PSQLException: FATAL: password authentication failed for user "postgres"
	at org.postgresql.core.v3.ConnectionFactoryImpl.doAuthentication(ConnectionFactoryImpl.java:693)
	at org.postgresql.core.v3.ConnectionFactoryImpl.tryConnect(ConnectionFactoryImpl.java:203)
	at org.postgresql.core.v3.ConnectionFactoryImpl.openConnectionImpl(ConnectionFactoryImpl.java:258)
	at org.postgresql.core.ConnectionFactory.openConnection(ConnectionFactory.java:54)
	at org.postgresql.jdbc.PgConnection.<init>(PgConnection.java:263)
	at org.postgresql.Driver.makeConnection(Driver.java:443)
	at org.postgresql.Driver.connect(Driver.java:297)
	at com.zaxxer.hikari.util.DriverDataSource.getConnection(DriverDataSource.java:138)
	at com.zaxxer.hikari.pool.PoolBase.newConnection(PoolBase.java:359)
	at com.zaxxer.hikari.pool.PoolBase.newPoolEntry(PoolBase.java:201)
	at com.zaxxer.hikari.pool.HikariPool.createPoolEntry(HikariPool.java:470)
	at com.zaxxer.hikari.pool.HikariPool.checkFailFast(HikariPool.java:561)
	at com.zaxxer.hikari.pool.HikariPool.<init>(HikariPool.java:100)
	at com.zaxxer.hikari.HikariDataSource.getConnection(HikariDataSource.java:112)
	at org.springframework.jdbc.datasource.DataSourceUtils.fetchConnection(DataSourceUtils.java:160)
	at org.springframework.jdbc.datasource.DataSourceUtils.doGetConnection(DataSourceUtils.java:118)
	at org.springframework.jdbc.datasource.DataSourceUtils.getConnection(DataSourceUtils.java:81)
	at org.springframework.jdbc.core.JdbcTemplate.execute(JdbcTemplate.java:342)
	at org.springframework.boot.jdbc.EmbeddedDatabaseConnection.isEmbedded(EmbeddedDatabaseConnection.java:168)
	at org.springframework.boot.autoconfigure.orm.jpa.HibernateDefaultDdlAutoProvider.getDefaultDdlAuto(HibernateDefaultDdlAutoProvider.java:42)
	at org.springframework.boot.autoconfigure.orm.jpa.HibernateJpaConfiguration.lambda$getVendorProperties$1(HibernateJpaConfiguration.java:142)
	at org.springframework.boot.autoconfigure.orm.jpa.HibernateSettings.getDdlAuto(HibernateSettings.java:41)
	at org.springframework.boot.autoconfigure.orm.jpa.HibernateProperties.determineDdlAuto(HibernateProperties.java:118)
	at org.springframework.boot.autoconfigure.orm.jpa.HibernateProperties.getAdditionalProperties(HibernateProperties.java:87)
	at org.springframework.boot.autoconfigure.orm.jpa.HibernateProperties.determineHibernateProperties(HibernateProperties.java:80)
	at org.springframework.boot.autoconfigure.orm.jpa.HibernateJpaConfiguration.getVendorProperties(HibernateJpaConfiguration.java:143)
	at org.springframework.boot.autoconfigure.orm.jpa.JpaBaseConfiguration.entityManagerFactory(JpaBaseConfiguration.java:132)
	at java.base/jdk.internal.reflect.NativeMethodAccessorImpl.invoke0(Native Method)
	at java.base/jdk.internal.reflect.NativeMethodAccessorImpl.invoke(NativeMethodAccessorImpl.java:77)
	at java.base/jdk.internal.reflect.DelegatingMethodAccessorImpl.invoke(DelegatingMethodAccessorImpl.java:43)
	at java.base/java.lang.reflect.Method.invoke(Method.java:568)
	at org.springframework.beans.factory.support.SimpleInstantiationStrategy.instantiate(SimpleInstantiationStrategy.java:140)
	at org.springframework.beans.factory.support.ConstructorResolver.instantiate(ConstructorResolver.java:644)
	at org.springframework.beans.factory.support.ConstructorResolver.instantiateUsingFactoryMethod(ConstructorResolver.java:636)
	at org.springframework.beans.factory.support.AbstractAutowireCapableBeanFactory.instantiateUsingFactoryMethod(AbstractAutowireCapableBeanFactory.java:1335)
	at org.springframework.beans.factory.support.AbstractAutowireCapableBeanFactory.createBeanInstance(AbstractAutowireCapableBeanFactory.java:1165)
	at org.springframework.beans.factory.support.AbstractAutowireCapableBeanFactory.doCreateBean(AbstractAutowireCapableBeanFactory.java:562)
	at org.springframework.beans.factory.support.AbstractAutowireCapableBeanFactory.createBean(AbstractAutowireCapableBeanFactory.java:522)
	at org.springframework.beans.factory.support.AbstractBeanFactory.lambda$doGetBean$0(AbstractBeanFactory.java:326)
	at org.springframework.beans.factory.support.DefaultSingletonBeanRegistry.getSingleton(DefaultSingletonBeanRegistry.java:234)
	at org.springframework.beans.factory.support.AbstractBeanFactory.doGetBean(AbstractBeanFactory.java:324)
	at org.springframework.beans.factory.support.AbstractBeanFactory.getBean(AbstractBeanFactory.java:200)
	at org.springframework.context.support.AbstractApplicationContext.getBean(AbstractApplicationContext.java:1234)
	at org.springframework.context.support.AbstractApplicationContext.finishBeanFactoryInitialization(AbstractApplicationContext.java:952)
	at org.springframework.context.support.AbstractApplicationContext.refresh(AbstractApplicationContext.java:624)
	at org.springframework.boot.web.servlet.context.ServletWebServerApplicationContext.refresh(ServletWebServerApplicationContext.java:146)
	at org.springframework.boot.SpringApplication.refresh(SpringApplication.java:754)
	at org.springframework.boot.SpringApplication.refreshContext(SpringApplication.java:456)
	at org.springframework.boot.SpringApplication.run(SpringApplication.java:334)
	at org.springframework.boot.SpringApplication.run(SpringApplication.java:1354)
	at org.springframework.boot.SpringApplication.run(SpringApplication.java:1343)
	at za.co.mealprep.MealprepApplication.main(MealprepApplication.java:15)
2024-05-26 18:11:55,978 INFO org.hibernate.jpa.internal.util.LogHelper [main] HHH000204: Processing PersistenceUnitInfo [name: default]
2024-05-26 18:11:56,046 INFO org.hibernate.Version [main] HHH000412: Hibernate ORM core version 6.4.4.Final
2024-05-26 18:11:56,081 INFO org.hibernate.cache.internal.RegionFactoryInitiator [main] HHH000026: Second-level cache disabled
2024-05-26 18:11:56,314 INFO org.springframework.orm.jpa.persistenceunit.SpringPersistenceUnitInfo [main] No LoadTimeWeaver setup: ignoring JPA class transformer
2024-05-26 18:11:56,339 INFO com.zaxxer.hikari.HikariDataSource [main] HikariPool-1 - Starting...
2024-05-26 18:11:57,495 ERROR com.zaxxer.hikari.pool.HikariPool [main] HikariPool-1 - Exception during pool initialization.
org.postgresql.util.PSQLException: FATAL: password authentication failed for user "postgres"
	at org.postgresql.core.v3.ConnectionFactoryImpl.doAuthentication(ConnectionFactoryImpl.java:693)
	at org.postgresql.core.v3.ConnectionFactoryImpl.tryConnect(ConnectionFactoryImpl.java:203)
	at org.postgresql.core.v3.ConnectionFactoryImpl.openConnectionImpl(ConnectionFactoryImpl.java:258)
	at org.postgresql.core.ConnectionFactory.openConnection(ConnectionFactory.java:54)
	at org.postgresql.jdbc.PgConnection.<init>(PgConnection.java:263)
	at org.postgresql.Driver.makeConnection(Driver.java:443)
	at org.postgresql.Driver.connect(Driver.java:297)
	at com.zaxxer.hikari.util.DriverDataSource.getConnection(DriverDataSource.java:138)
	at com.zaxxer.hikari.pool.PoolBase.newConnection(PoolBase.java:359)
	at com.zaxxer.hikari.pool.PoolBase.newPoolEntry(PoolBase.java:201)
	at com.zaxxer.hikari.pool.HikariPool.createPoolEntry(HikariPool.java:470)
	at com.zaxxer.hikari.pool.HikariPool.checkFailFast(HikariPool.java:561)
	at com.zaxxer.hikari.pool.HikariPool.<init>(HikariPool.java:100)
	at com.zaxxer.hikari.HikariDataSource.getConnection(HikariDataSource.java:112)
	at org.hibernate.engine.jdbc.connections.internal.DatasourceConnectionProviderImpl.getConnection(DatasourceConnectionProviderImpl.java:122)
	at org.hibernate.engine.jdbc.env.internal.JdbcEnvironmentInitiator$ConnectionProviderJdbcConnectionAccess.obtainConnection(JdbcEnvironmentInitiator.java:428)
	at org.hibernate.resource.transaction.backend.jdbc.internal.JdbcIsolationDelegate.delegateWork(JdbcIsolationDelegate.java:61)
	at org.hibernate.engine.jdbc.env.internal.JdbcEnvironmentInitiator.getJdbcEnvironmentUsingJdbcMetadata(JdbcEnvironmentInitiator.java:276)
	at org.hibernate.engine.jdbc.env.internal.JdbcEnvironmentInitiator.initiateService(JdbcEnvironmentInitiator.java:107)
	at org.hibernate.engine.jdbc.env.internal.JdbcEnvironmentInitiator.initiateService(JdbcEnvironmentInitiator.java:68)
	at org.hibernate.boot.registry.internal.StandardServiceRegistryImpl.initiateService(StandardServiceRegistryImpl.java:130)
	at org.hibernate.service.internal.AbstractServiceRegistryImpl.createService(AbstractServiceRegistryImpl.java:263)
	at org.hibernate.service.internal.AbstractServiceRegistryImpl.initializeService(AbstractServiceRegistryImpl.java:238)
	at org.hibernate.service.internal.AbstractServiceRegistryImpl.getService(AbstractServiceRegistryImpl.java:215)
	at org.hibernate.boot.model.relational.Database.<init>(Database.java:45)
	at org.hibernate.boot.internal.InFlightMetadataCollectorImpl.getDatabase(InFlightMetadataCollectorImpl.java:223)
	at org.hibernate.boot.internal.InFlightMetadataCollectorImpl.<init>(InFlightMetadataCollectorImpl.java:191)
	at org.hibernate.boot.model.process.spi.MetadataBuildingProcess.complete(MetadataBuildingProcess.java:170)
	at org.hibernate.jpa.boot.internal.EntityManagerFactoryBuilderImpl.metadata(EntityManagerFactoryBuilderImpl.java:1432)
	at org.hibernate.jpa.boot.internal.EntityManagerFactoryBuilderImpl.build(EntityManagerFactoryBuilderImpl.java:1503)
	at org.springframework.orm.jpa.vendor.SpringHibernateJpaPersistenceProvider.createContainerEntityManagerFactory(SpringHibernateJpaPersistenceProvider.java:75)
	at org.springframework.orm.jpa.LocalContainerEntityManagerFactoryBean.createNativeEntityManagerFactory(LocalContainerEntityManagerFactoryBean.java:390)
	at org.springframework.orm.jpa.AbstractEntityManagerFactoryBean.buildNativeEntityManagerFactory(AbstractEntityManagerFactoryBean.java:409)
	at org.springframework.orm.jpa.AbstractEntityManagerFactoryBean.afterPropertiesSet(AbstractEntityManagerFactoryBean.java:396)
	at org.springframework.orm.jpa.LocalContainerEntityManagerFactoryBean.afterPropertiesSet(LocalContainerEntityManagerFactoryBean.java:366)
	at org.springframework.beans.factory.support.AbstractAutowireCapableBeanFactory.invokeInitMethods(AbstractAutowireCapableBeanFactory.java:1833)
	at org.springframework.beans.factory.support.AbstractAutowireCapableBeanFactory.initializeBean(AbstractAutowireCapableBeanFactory.java:1782)
	at org.springframework.beans.factory.support.AbstractAutowireCapableBeanFactory.doCreateBean(AbstractAutowireCapableBeanFactory.java:600)
	at org.springframework.beans.factory.support.AbstractAutowireCapableBeanFactory.createBean(AbstractAutowireCapableBeanFactory.java:522)
	at org.springframework.beans.factory.support.AbstractBeanFactory.lambda$doGetBean$0(AbstractBeanFactory.java:326)
	at org.springframework.beans.factory.support.DefaultSingletonBeanRegistry.getSingleton(DefaultSingletonBeanRegistry.java:234)
	at org.springframework.beans.factory.support.AbstractBeanFactory.doGetBean(AbstractBeanFactory.java:324)
	at org.springframework.beans.factory.support.AbstractBeanFactory.getBean(AbstractBeanFactory.java:200)
	at org.springframework.context.support.AbstractApplicationContext.getBean(AbstractApplicationContext.java:1234)
	at org.springframework.context.support.AbstractApplicationContext.finishBeanFactoryInitialization(AbstractApplicationContext.java:952)
	at org.springframework.context.support.AbstractApplicationContext.refresh(AbstractApplicationContext.java:624)
	at org.springframework.boot.web.servlet.context.ServletWebServerApplicationContext.refresh(ServletWebServerApplicationContext.java:146)
	at org.springframework.boot.SpringApplication.refresh(SpringApplication.java:754)
	at org.springframework.boot.SpringApplication.refreshContext(SpringApplication.java:456)
	at org.springframework.boot.SpringApplication.run(SpringApplication.java:334)
	at org.springframework.boot.SpringApplication.run(SpringApplication.java:1354)
	at org.springframework.boot.SpringApplication.run(SpringApplication.java:1343)
	at za.co.mealprep.MealprepApplication.main(MealprepApplication.java:15)
2024-05-26 18:11:57,497 WARN org.hibernate.engine.jdbc.env.internal.JdbcEnvironmentInitiator [main] HHH000342: Could not obtain connection to query metadata
java.lang.NullPointerException: Cannot invoke "org.hibernate.engine.jdbc.spi.SqlExceptionHelper.convert(java.sql.SQLException, String)" because the return value of "org.hibernate.resource.transaction.backend.jdbc.internal.JdbcIsolationDelegate.sqlExceptionHelper()" is null
	at org.hibernate.resource.transaction.backend.jdbc.internal.JdbcIsolationDelegate.delegateWork(JdbcIsolationDelegate.java:116)
	at org.hibernate.engine.jdbc.env.internal.JdbcEnvironmentInitiator.getJdbcEnvironmentUsingJdbcMetadata(JdbcEnvironmentInitiator.java:276)
	at org.hibernate.engine.jdbc.env.internal.JdbcEnvironmentInitiator.initiateService(JdbcEnvironmentInitiator.java:107)
	at org.hibernate.engine.jdbc.env.internal.JdbcEnvironmentInitiator.initiateService(JdbcEnvironmentInitiator.java:68)
	at org.hibernate.boot.registry.internal.StandardServiceRegistryImpl.initiateService(StandardServiceRegistryImpl.java:130)
	at org.hibernate.service.internal.AbstractServiceRegistryImpl.createService(AbstractServiceRegistryImpl.java:263)
	at org.hibernate.service.internal.AbstractServiceRegistryImpl.initializeService(AbstractServiceRegistryImpl.java:238)
	at org.hibernate.service.internal.AbstractServiceRegistryImpl.getService(AbstractServiceRegistryImpl.java:215)
	at org.hibernate.boot.model.relational.Database.<init>(Database.java:45)
	at org.hibernate.boot.internal.InFlightMetadataCollectorImpl.getDatabase(InFlightMetadataCollectorImpl.java:223)
	at org.hibernate.boot.internal.InFlightMetadataCollectorImpl.<init>(InFlightMetadataCollectorImpl.java:191)
	at org.hibernate.boot.model.process.spi.MetadataBuildingProcess.complete(MetadataBuildingProcess.java:170)
	at org.hibernate.jpa.boot.internal.EntityManagerFactoryBuilderImpl.metadata(EntityManagerFactoryBuilderImpl.java:1432)
	at org.hibernate.jpa.boot.internal.EntityManagerFactoryBuilderImpl.build(EntityManagerFactoryBuilderImpl.java:1503)
	at org.springframework.orm.jpa.vendor.SpringHibernateJpaPersistenceProvider.createContainerEntityManagerFactory(SpringHibernateJpaPersistenceProvider.java:75)
	at org.springframework.orm.jpa.LocalContainerEntityManagerFactoryBean.createNativeEntityManagerFactory(LocalContainerEntityManagerFactoryBean.java:390)
	at org.springframework.orm.jpa.AbstractEntityManagerFactoryBean.buildNativeEntityManagerFactory(AbstractEntityManagerFactoryBean.java:409)
	at org.springframework.orm.jpa.AbstractEntityManagerFactoryBean.afterPropertiesSet(AbstractEntityManagerFactoryBean.java:396)
	at org.springframework.orm.jpa.LocalContainerEntityManagerFactoryBean.afterPropertiesSet(LocalContainerEntityManagerFactoryBean.java:366)
	at org.springframework.beans.factory.support.AbstractAutowireCapableBeanFactory.invokeInitMethods(AbstractAutowireCapableBeanFactory.java:1833)
	at org.springframework.beans.factory.support.AbstractAutowireCapableBeanFactory.initializeBean(AbstractAutowireCapableBeanFactory.java:1782)
	at org.springframework.beans.factory.support.AbstractAutowireCapableBeanFactory.doCreateBean(AbstractAutowireCapableBeanFactory.java:600)
	at org.springframework.beans.factory.support.AbstractAutowireCapableBeanFactory.createBean(AbstractAutowireCapableBeanFactory.java:522)
	at org.springframework.beans.factory.support.AbstractBeanFactory.lambda$doGetBean$0(AbstractBeanFactory.java:326)
	at org.springframework.beans.factory.support.DefaultSingletonBeanRegistry.getSingleton(DefaultSingletonBeanRegistry.java:234)
	at org.springframework.beans.factory.support.AbstractBeanFactory.doGetBean(AbstractBeanFactory.java:324)
	at org.springframework.beans.factory.support.AbstractBeanFactory.getBean(AbstractBeanFactory.java:200)
	at org.springframework.context.support.AbstractApplicationContext.getBean(AbstractApplicationContext.java:1234)
	at org.springframework.context.support.AbstractApplicationContext.finishBeanFactoryInitialization(AbstractApplicationContext.java:952)
	at org.springframework.context.support.AbstractApplicationContext.refresh(AbstractApplicationContext.java:624)
	at org.springframework.boot.web.servlet.context.ServletWebServerApplicationContext.refresh(ServletWebServerApplicationContext.java:146)
	at org.springframework.boot.SpringApplication.refresh(SpringApplication.java:754)
	at org.springframework.boot.SpringApplication.refreshContext(SpringApplication.java:456)
	at org.springframework.boot.SpringApplication.run(SpringApplication.java:334)
	at org.springframework.boot.SpringApplication.run(SpringApplication.java:1354)
	at org.springframework.boot.SpringApplication.run(SpringApplication.java:1343)
	at za.co.mealprep.MealprepApplication.main(MealprepApplication.java:15)
2024-05-26 18:11:57,500 ERROR org.springframework.orm.jpa.LocalContainerEntityManagerFactoryBean [main] Failed to initialize JPA EntityManagerFactory: Unable to create requested service [org.hibernate.engine.jdbc.env.spi.JdbcEnvironment] due to: Unable to determine Dialect without JDBC metadata (please set 'jakarta.persistence.jdbc.url' for common cases or 'hibernate.dialect' when a custom Dialect implementation must be provided)
2024-05-26 18:11:57,500 WARN org.springframework.boot.web.servlet.context.AnnotationConfigServletWebServerApplicationContext [main] Exception encountered during context initialization - cancelling refresh attempt: org.springframework.beans.factory.BeanCreationException: Error creating bean with name 'entityManagerFactory' defined in class path resource [org/springframework/boot/autoconfigure/orm/jpa/HibernateJpaConfiguration.class]: Unable to create requested service [org.hibernate.engine.jdbc.env.spi.JdbcEnvironment] due to: Unable to determine Dialect without JDBC metadata (please set 'jakarta.persistence.jdbc.url' for common cases or 'hibernate.dialect' when a custom Dialect implementation must be provided)
2024-05-26 18:11:57,503 INFO org.apache.catalina.core.StandardService [main] Stopping service [Tomcat]
2024-05-26 18:11:57,518 INFO org.springframework.boot.autoconfigure.logging.ConditionEvaluationReportLogger [main] 

Error starting ApplicationContext. To display the condition evaluation report re-run your application with 'debug' enabled.
2024-05-26 18:11:57,531 ERROR org.springframework.boot.SpringApplication [main] Application run failed
org.springframework.beans.factory.BeanCreationException: Error creating bean with name 'entityManagerFactory' defined in class path resource [org/springframework/boot/autoconfigure/orm/jpa/HibernateJpaConfiguration.class]: Unable to create requested service [org.hibernate.engine.jdbc.env.spi.JdbcEnvironment] due to: Unable to determine Dialect without JDBC metadata (please set 'jakarta.persistence.jdbc.url' for common cases or 'hibernate.dialect' when a custom Dialect implementation must be provided)
	at org.springframework.beans.factory.support.AbstractAutowireCapableBeanFactory.initializeBean(AbstractAutowireCapableBeanFactory.java:1786)
	at org.springframework.beans.factory.support.AbstractAutowireCapableBeanFactory.doCreateBean(AbstractAutowireCapableBeanFactory.java:600)
	at org.springframework.beans.factory.support.AbstractAutowireCapableBeanFactory.createBean(AbstractAutowireCapableBeanFactory.java:522)
	at org.springframework.beans.factory.support.AbstractBeanFactory.lambda$doGetBean$0(AbstractBeanFactory.java:326)
	at org.springframework.beans.factory.support.DefaultSingletonBeanRegistry.getSingleton(DefaultSingletonBeanRegistry.java:234)
	at org.springframework.beans.factory.support.AbstractBeanFactory.doGetBean(AbstractBeanFactory.java:324)
	at org.springframework.beans.factory.support.AbstractBeanFactory.getBean(AbstractBeanFactory.java:200)
	at org.springframework.context.support.AbstractApplicationContext.getBean(AbstractApplicationContext.java:1234)
	at org.springframework.context.support.AbstractApplicationContext.finishBeanFactoryInitialization(AbstractApplicationContext.java:952)
	at org.springframework.context.support.AbstractApplicationContext.refresh(AbstractApplicationContext.java:624)
	at org.springframework.boot.web.servlet.context.ServletWebServerApplicationContext.refresh(ServletWebServerApplicationContext.java:146)
	at org.springframework.boot.SpringApplication.refresh(SpringApplication.java:754)
	at org.springframework.boot.SpringApplication.refreshContext(SpringApplication.java:456)
	at org.springframework.boot.SpringApplication.run(SpringApplication.java:334)
	at org.springframework.boot.SpringApplication.run(SpringApplication.java:1354)
	at org.springframework.boot.SpringApplication.run(SpringApplication.java:1343)
	at za.co.mealprep.MealprepApplication.main(MealprepApplication.java:15)
Caused by: org.hibernate.service.spi.ServiceException: Unable to create requested service [org.hibernate.engine.jdbc.env.spi.JdbcEnvironment] due to: Unable to determine Dialect without JDBC metadata (please set 'jakarta.persistence.jdbc.url' for common cases or 'hibernate.dialect' when a custom Dialect implementation must be provided)
	at org.hibernate.service.internal.AbstractServiceRegistryImpl.createService(AbstractServiceRegistryImpl.java:276)
	at org.hibernate.service.internal.AbstractServiceRegistryImpl.initializeService(AbstractServiceRegistryImpl.java:238)
	at org.hibernate.service.internal.AbstractServiceRegistryImpl.getService(AbstractServiceRegistryImpl.java:215)
	at org.hibernate.boot.model.relational.Database.<init>(Database.java:45)
	at org.hibernate.boot.internal.InFlightMetadataCollectorImpl.getDatabase(InFlightMetadataCollectorImpl.java:223)
	at org.hibernate.boot.internal.InFlightMetadataCollectorImpl.<init>(InFlightMetadataCollectorImpl.java:191)
	at org.hibernate.boot.model.process.spi.MetadataBuildingProcess.complete(MetadataBuildingProcess.java:170)
	at org.hibernate.jpa.boot.internal.EntityManagerFactoryBuilderImpl.metadata(EntityManagerFactoryBuilderImpl.java:1432)
	at org.hibernate.jpa.boot.internal.EntityManagerFactoryBuilderImpl.build(EntityManagerFactoryBuilderImpl.java:1503)
	at org.springframework.orm.jpa.vendor.SpringHibernateJpaPersistenceProvider.createContainerEntityManagerFactory(SpringHibernateJpaPersistenceProvider.java:75)
	at org.springframework.orm.jpa.LocalContainerEntityManagerFactoryBean.createNativeEntityManagerFactory(LocalContainerEntityManagerFactoryBean.java:390)
	at org.springframework.orm.jpa.AbstractEntityManagerFactoryBean.buildNativeEntityManagerFactory(AbstractEntityManagerFactoryBean.java:409)
	at org.springframework.orm.jpa.AbstractEntityManagerFactoryBean.afterPropertiesSet(AbstractEntityManagerFactoryBean.java:396)
	at org.springframework.orm.jpa.LocalContainerEntityManagerFactoryBean.afterPropertiesSet(LocalContainerEntityManagerFactoryBean.java:366)
	at org.springframework.beans.factory.support.AbstractAutowireCapableBeanFactory.invokeInitMethods(AbstractAutowireCapableBeanFactory.java:1833)
	at org.springframework.beans.factory.support.AbstractAutowireCapableBeanFactory.initializeBean(AbstractAutowireCapableBeanFactory.java:1782)
	... 16 common frames omitted
Caused by: org.hibernate.HibernateException: Unable to determine Dialect without JDBC metadata (please set 'jakarta.persistence.jdbc.url' for common cases or 'hibernate.dialect' when a custom Dialect implementation must be provided)
	at org.hibernate.engine.jdbc.dialect.internal.DialectFactoryImpl.determineDialect(DialectFactoryImpl.java:191)
	at org.hibernate.engine.jdbc.dialect.internal.DialectFactoryImpl.buildDialect(DialectFactoryImpl.java:87)
	at org.hibernate.engine.jdbc.env.internal.JdbcEnvironmentInitiator.getJdbcEnvironmentWithDefaults(JdbcEnvironmentInitiator.java:143)
	at org.hibernate.engine.jdbc.env.internal.JdbcEnvironmentInitiator.getJdbcEnvironmentUsingJdbcMetadata(JdbcEnvironmentInitiator.java:348)
	at org.hibernate.engine.jdbc.env.internal.JdbcEnvironmentInitiator.initiateService(JdbcEnvironmentInitiator.java:107)
	at org.hibernate.engine.jdbc.env.internal.JdbcEnvironmentInitiator.initiateService(JdbcEnvironmentInitiator.java:68)
	at org.hibernate.boot.registry.internal.StandardServiceRegistryImpl.initiateService(StandardServiceRegistryImpl.java:130)
	at org.hibernate.service.internal.AbstractServiceRegistryImpl.createService(AbstractServiceRegistryImpl.java:263)
	... 31 common frames omitted
2024-05-26 18:17:12,038 INFO za.co.mealprep.MealprepApplication [main] Starting MealprepApplication using Java 17.0.5 with PID 17052 (C:\Software\Projects\mealprep\mealprep\target\classes started by Travm in C:\Software\Projects\mealprep)
2024-05-26 18:17:12,040 INFO za.co.mealprep.MealprepApplication [main] No active profile set, falling back to 1 default profile: "default"
2024-05-26 18:17:12,716 INFO org.springframework.data.repository.config.RepositoryConfigurationDelegate [main] Bootstrapping Spring Data JPA repositories in DEFAULT mode.
2024-05-26 18:17:12,769 INFO org.springframework.data.repository.config.RepositoryConfigurationDelegate [main] Finished Spring Data repository scanning in 47 ms. Found 5 JPA repository interfaces.
2024-05-26 18:17:13,251 INFO org.springframework.boot.web.embedded.tomcat.TomcatWebServer [main] Tomcat initialized with port 8080 (http)
2024-05-26 18:17:13,259 INFO org.apache.catalina.core.StandardService [main] Starting service [Tomcat]
2024-05-26 18:17:13,259 INFO org.apache.catalina.core.StandardEngine [main] Starting Servlet engine: [Apache Tomcat/10.1.20]
2024-05-26 18:17:13,308 INFO org.apache.catalina.core.ContainerBase.[Tomcat].[localhost].[/] [main] Initializing Spring embedded WebApplicationContext
2024-05-26 18:17:13,308 INFO org.springframework.boot.web.servlet.context.ServletWebServerApplicationContext [main] Root WebApplicationContext: initialization completed in 1238 ms
2024-05-26 18:17:13,510 INFO com.zaxxer.hikari.HikariDataSource [main] HikariPool-1 - Starting...
2024-05-26 18:17:13,753 INFO com.zaxxer.hikari.pool.HikariPool [main] HikariPool-1 - Added connection org.postgresql.jdbc.PgConnection@4adf3582
2024-05-26 18:17:13,754 INFO com.zaxxer.hikari.HikariDataSource [main] HikariPool-1 - Start completed.
2024-05-26 18:17:13,784 INFO org.hibernate.jpa.internal.util.LogHelper [main] HHH000204: Processing PersistenceUnitInfo [name: default]
2024-05-26 18:17:13,831 INFO org.hibernate.Version [main] HHH000412: Hibernate ORM core version 6.4.4.Final
2024-05-26 18:17:13,865 INFO org.hibernate.cache.internal.RegionFactoryInitiator [main] HHH000026: Second-level cache disabled
2024-05-26 18:17:14,059 INFO org.springframework.orm.jpa.persistenceunit.SpringPersistenceUnitInfo [main] No LoadTimeWeaver setup: ignoring JPA class transformer
2024-05-26 18:17:15,085 INFO org.hibernate.engine.transaction.jta.platform.internal.JtaPlatformInitiator [main] HHH000489: No JTA platform available (set 'hibernate.transaction.jta.platform' to enable JTA platform integration)
2024-05-26 18:17:15,087 INFO org.springframework.orm.jpa.LocalContainerEntityManagerFactoryBean [main] Initialized JPA EntityManagerFactory for persistence unit 'default'
2024-05-26 18:17:15,437 WARN org.springframework.boot.autoconfigure.orm.jpa.JpaBaseConfiguration$JpaWebConfiguration [main] spring.jpa.open-in-view is enabled by default. Therefore, database queries may be performed during view rendering. Explicitly configure spring.jpa.open-in-view to disable this warning
2024-05-26 18:17:15,999 INFO org.springframework.boot.actuate.endpoint.web.EndpointLinksResolver [main] Exposing 1 endpoint(s) beneath base path '/actuator'
2024-05-26 18:17:16,082 INFO org.springframework.boot.web.embedded.tomcat.TomcatWebServer [main] Tomcat started on port 8080 (http) with context path ''
2024-05-26 18:17:16,093 INFO za.co.mealprep.MealprepApplication [main] Started MealprepApplication in 4.37 seconds (process running for 4.803)
2024-05-26 18:17:16,668 INFO org.apache.catalina.core.ContainerBase.[Tomcat].[localhost].[/] [RMI TCP Connection(4)-192.168.0.39] Initializing Spring DispatcherServlet 'dispatcherServlet'
2024-05-26 18:17:16,669 INFO org.springframework.web.servlet.DispatcherServlet [RMI TCP Connection(4)-192.168.0.39] Initializing Servlet 'dispatcherServlet'
2024-05-26 18:17:16,670 INFO org.springframework.web.servlet.DispatcherServlet [RMI TCP Connection(4)-192.168.0.39] Completed initialization in 0 ms
2024-05-26 18:18:50,791 INFO org.springframework.orm.jpa.LocalContainerEntityManagerFactoryBean [SpringApplicationShutdownHook] Closing JPA EntityManagerFactory for persistence unit 'default'
2024-05-26 18:18:50,792 INFO com.zaxxer.hikari.HikariDataSource [SpringApplicationShutdownHook] HikariPool-1 - Shutdown initiated...
2024-05-26 18:18:50,794 INFO com.zaxxer.hikari.HikariDataSource [SpringApplicationShutdownHook] HikariPool-1 - Shutdown completed.
2024-05-26 18:18:54,303 INFO za.co.mealprep.MealprepApplication [main] Starting MealprepApplication using Java 17.0.5 with PID 18220 (C:\Software\Projects\mealprep\mealprep\target\classes started by Travm in C:\Software\Projects\mealprep)
2024-05-26 18:18:54,307 INFO za.co.mealprep.MealprepApplication [main] No active profile set, falling back to 1 default profile: "default"
2024-05-26 18:18:55,080 INFO org.springframework.data.repository.config.RepositoryConfigurationDelegate [main] Bootstrapping Spring Data JPA repositories in DEFAULT mode.
2024-05-26 18:18:55,327 INFO org.springframework.data.repository.config.RepositoryConfigurationDelegate [main] Finished Spring Data repository scanning in 240 ms. Found 5 JPA repository interfaces.
2024-05-26 18:18:56,087 INFO org.springframework.boot.web.embedded.tomcat.TomcatWebServer [main] Tomcat initialized with port 8080 (http)
2024-05-26 18:18:56,095 INFO org.apache.catalina.core.StandardService [main] Starting service [Tomcat]
2024-05-26 18:18:56,096 INFO org.apache.catalina.core.StandardEngine [main] Starting Servlet engine: [Apache Tomcat/10.1.20]
2024-05-26 18:18:56,154 INFO org.apache.catalina.core.ContainerBase.[Tomcat].[localhost].[/] [main] Initializing Spring embedded WebApplicationContext
2024-05-26 18:18:56,154 INFO org.springframework.boot.web.servlet.context.ServletWebServerApplicationContext [main] Root WebApplicationContext: initialization completed in 1805 ms
2024-05-26 18:18:56,369 INFO com.zaxxer.hikari.HikariDataSource [main] HikariPool-1 - Starting...
2024-05-26 18:18:56,526 INFO com.zaxxer.hikari.pool.HikariPool [main] HikariPool-1 - Added connection org.postgresql.jdbc.PgConnection@6ce15112
2024-05-26 18:18:56,528 INFO com.zaxxer.hikari.HikariDataSource [main] HikariPool-1 - Start completed.
2024-05-26 18:18:56,564 INFO org.hibernate.jpa.internal.util.LogHelper [main] HHH000204: Processing PersistenceUnitInfo [name: default]
2024-05-26 18:18:56,618 INFO org.hibernate.Version [main] HHH000412: Hibernate ORM core version 6.4.4.Final
2024-05-26 18:18:56,651 INFO org.hibernate.cache.internal.RegionFactoryInitiator [main] HHH000026: Second-level cache disabled
2024-05-26 18:18:56,885 INFO org.springframework.orm.jpa.persistenceunit.SpringPersistenceUnitInfo [main] No LoadTimeWeaver setup: ignoring JPA class transformer
2024-05-26 18:18:57,964 INFO org.hibernate.engine.transaction.jta.platform.internal.JtaPlatformInitiator [main] HHH000489: No JTA platform available (set 'hibernate.transaction.jta.platform' to enable JTA platform integration)
2024-05-26 18:18:57,967 INFO org.springframework.orm.jpa.LocalContainerEntityManagerFactoryBean [main] Initialized JPA EntityManagerFactory for persistence unit 'default'
2024-05-26 18:18:58,377 WARN org.springframework.boot.autoconfigure.orm.jpa.JpaBaseConfiguration$JpaWebConfiguration [main] spring.jpa.open-in-view is enabled by default. Therefore, database queries may be performed during view rendering. Explicitly configure spring.jpa.open-in-view to disable this warning
2024-05-26 18:18:58,950 INFO org.springframework.boot.actuate.endpoint.web.EndpointLinksResolver [main] Exposing 1 endpoint(s) beneath base path '/actuator'
2024-05-26 18:18:59,027 INFO org.springframework.boot.web.embedded.tomcat.TomcatWebServer [main] Tomcat started on port 8080 (http) with context path ''
2024-05-26 18:18:59,039 INFO za.co.mealprep.MealprepApplication [main] Started MealprepApplication in 5.113 seconds (process running for 5.656)
2024-05-26 18:18:59,612 INFO org.apache.catalina.core.ContainerBase.[Tomcat].[localhost].[/] [RMI TCP Connection(5)-192.168.0.39] Initializing Spring DispatcherServlet 'dispatcherServlet'
2024-05-26 18:18:59,613 INFO org.springframework.web.servlet.DispatcherServlet [RMI TCP Connection(5)-192.168.0.39] Initializing Servlet 'dispatcherServlet'
2024-05-26 18:18:59,614 INFO org.springframework.web.servlet.DispatcherServlet [RMI TCP Connection(5)-192.168.0.39] Completed initialization in 1 ms
2024-05-26 18:19:54,873 WARN com.zaxxer.hikari.pool.HikariPool [HikariPool-1 housekeeper] HikariPool-1 - Thread starvation or clock leap detected (housekeeper delta=58s233ms484µs500ns).
2024-05-26 18:19:54,911 INFO org.springframework.orm.jpa.LocalContainerEntityManagerFactoryBean [SpringApplicationShutdownHook] Closing JPA EntityManagerFactory for persistence unit 'default'
2024-05-26 18:19:54,912 INFO com.zaxxer.hikari.HikariDataSource [SpringApplicationShutdownHook] HikariPool-1 - Shutdown initiated...
2024-05-26 18:19:54,915 INFO com.zaxxer.hikari.HikariDataSource [SpringApplicationShutdownHook] HikariPool-1 - Shutdown completed.
2024-05-26 18:20:00,427 INFO za.co.mealprep.MealprepApplication [main] Starting MealprepApplication using Java 17.0.5 with PID 22792 (C:\Software\Projects\mealprep\mealprep\target\classes started by Travm in C:\Software\Projects\mealprep)
2024-05-26 18:20:00,429 INFO za.co.mealprep.MealprepApplication [main] No active profile set, falling back to 1 default profile: "default"
2024-05-26 18:20:01,157 INFO org.springframework.data.repository.config.RepositoryConfigurationDelegate [main] Bootstrapping Spring Data JPA repositories in DEFAULT mode.
2024-05-26 18:20:01,214 INFO org.springframework.data.repository.config.RepositoryConfigurationDelegate [main] Finished Spring Data repository scanning in 50 ms. Found 5 JPA repository interfaces.
2024-05-26 18:20:01,762 INFO org.springframework.boot.web.embedded.tomcat.TomcatWebServer [main] Tomcat initialized with port 8080 (http)
2024-05-26 18:20:01,771 INFO org.apache.catalina.core.StandardService [main] Starting service [Tomcat]
2024-05-26 18:20:01,771 INFO org.apache.catalina.core.StandardEngine [main] Starting Servlet engine: [Apache Tomcat/10.1.20]
2024-05-26 18:20:01,821 INFO org.apache.catalina.core.ContainerBase.[Tomcat].[localhost].[/] [main] Initializing Spring embedded WebApplicationContext
2024-05-26 18:20:01,821 INFO org.springframework.boot.web.servlet.context.ServletWebServerApplicationContext [main] Root WebApplicationContext: initialization completed in 1358 ms
2024-05-26 18:20:02,057 INFO com.zaxxer.hikari.HikariDataSource [main] HikariPool-1 - Starting...
2024-05-26 18:20:02,208 INFO com.zaxxer.hikari.pool.HikariPool [main] HikariPool-1 - Added connection org.postgresql.jdbc.PgConnection@74f4a2ba
2024-05-26 18:20:02,210 INFO com.zaxxer.hikari.HikariDataSource [main] HikariPool-1 - Start completed.
2024-05-26 18:20:02,255 INFO org.hibernate.jpa.internal.util.LogHelper [main] HHH000204: Processing PersistenceUnitInfo [name: default]
2024-05-26 18:20:02,313 INFO org.hibernate.Version [main] HHH000412: Hibernate ORM core version 6.4.4.Final
2024-05-26 18:20:02,347 INFO org.hibernate.cache.internal.RegionFactoryInitiator [main] HHH000026: Second-level cache disabled
2024-05-26 18:20:02,781 INFO org.springframework.orm.jpa.persistenceunit.SpringPersistenceUnitInfo [main] No LoadTimeWeaver setup: ignoring JPA class transformer
2024-05-26 18:20:04,054 INFO org.hibernate.engine.transaction.jta.platform.internal.JtaPlatformInitiator [main] HHH000489: No JTA platform available (set 'hibernate.transaction.jta.platform' to enable JTA platform integration)
2024-05-26 18:20:04,057 INFO org.springframework.orm.jpa.LocalContainerEntityManagerFactoryBean [main] Initialized JPA EntityManagerFactory for persistence unit 'default'
2024-05-26 18:20:04,496 WARN org.springframework.boot.autoconfigure.orm.jpa.JpaBaseConfiguration$JpaWebConfiguration [main] spring.jpa.open-in-view is enabled by default. Therefore, database queries may be performed during view rendering. Explicitly configure spring.jpa.open-in-view to disable this warning
2024-05-26 18:20:05,085 INFO org.springframework.boot.actuate.endpoint.web.EndpointLinksResolver [main] Exposing 1 endpoint(s) beneath base path '/actuator'
2024-05-26 18:20:05,160 INFO org.springframework.boot.web.embedded.tomcat.TomcatWebServer [main] Tomcat started on port 8080 (http) with context path ''
2024-05-26 18:20:05,172 INFO za.co.mealprep.MealprepApplication [main] Started MealprepApplication in 5.103 seconds (process running for 5.647)
2024-05-26 18:20:05,341 INFO org.apache.catalina.core.ContainerBase.[Tomcat].[localhost].[/] [RMI TCP Connection(4)-192.168.0.39] Initializing Spring DispatcherServlet 'dispatcherServlet'
2024-05-26 18:20:05,341 INFO org.springframework.web.servlet.DispatcherServlet [RMI TCP Connection(4)-192.168.0.39] Initializing Servlet 'dispatcherServlet'
2024-05-26 18:20:05,342 INFO org.springframework.web.servlet.DispatcherServlet [RMI TCP Connection(4)-192.168.0.39] Completed initialization in 1 ms
2024-05-26 18:22:37,384 INFO org.hibernate.orm.jdbc.batch [http-nio-8080-exec-10] HHH100503: On release of batch it still contained JDBC statements
2024-05-26 18:22:37,385 ERROR org.hibernate.orm.jdbc.batch [http-nio-8080-exec-10] HHH100501: Exception executing batch [java.sql.BatchUpdateException: Batch entry 0 insert into recipe (in_rotation,kcal,meal_type,name,notes,rating,serving_size,id) values ((NULL),('0'::int4),('BREAKFAST'),('a Name'),('a Note'),('1'::int4),('1'::int4),('3'::int8)) was aborted: ERROR: null value in column "in_rotation" of relation "recipe" violates not-null constraint
  Detail: Failing row contains (3, 0, 1, 1, a Note, a Name, BREAKFAST, null).  Call getNextException to see other errors in the batch.], SQL: insert into recipe (in_rotation,kcal,meal_type,name,notes,rating,serving_size,id) values (?,?,?,?,?,?,?,?)
2024-05-26 18:22:37,385 WARN org.hibernate.engine.jdbc.spi.SqlExceptionHelper [http-nio-8080-exec-10] SQL Error: 0, SQLState: 23502
2024-05-26 18:22:37,385 ERROR org.hibernate.engine.jdbc.spi.SqlExceptionHelper [http-nio-8080-exec-10] Batch entry 0 insert into recipe (in_rotation,kcal,meal_type,name,notes,rating,serving_size,id) values ((NULL),('0'::int4),('BREAKFAST'),('a Name'),('a Note'),('1'::int4),('1'::int4),('3'::int8)) was aborted: ERROR: null value in column "in_rotation" of relation "recipe" violates not-null constraint
  Detail: Failing row contains (3, 0, 1, 1, a Note, a Name, BREAKFAST, null).  Call getNextException to see other errors in the batch.
2024-05-26 18:22:37,385 ERROR org.hibernate.engine.jdbc.spi.SqlExceptionHelper [http-nio-8080-exec-10] ERROR: null value in column "in_rotation" of relation "recipe" violates not-null constraint
  Detail: Failing row contains (3, 0, 1, 1, a Note, a Name, BREAKFAST, null).
2024-05-26 18:22:37,394 ERROR za.co.mealprep.exception.RestException [http-nio-8080-exec-10] Something strange happened
2024-05-26 18:22:59,998 INFO org.springframework.orm.jpa.LocalContainerEntityManagerFactoryBean [SpringApplicationShutdownHook] Closing JPA EntityManagerFactory for persistence unit 'default'
2024-05-26 18:23:00,000 INFO com.zaxxer.hikari.HikariDataSource [SpringApplicationShutdownHook] HikariPool-1 - Shutdown initiated...
2024-05-26 18:23:00,004 INFO com.zaxxer.hikari.HikariDataSource [SpringApplicationShutdownHook] HikariPool-1 - Shutdown completed.
2024-05-26 18:23:08,429 INFO za.co.mealprep.MealprepApplication [main] Starting MealprepApplication using Java 17.0.5 with PID 24616 (C:\Software\Projects\mealprep\mealprep\target\classes started by Travm in C:\Software\Projects\mealprep)
2024-05-26 18:23:08,431 INFO za.co.mealprep.MealprepApplication [main] No active profile set, falling back to 1 default profile: "default"
2024-05-26 18:23:09,190 INFO org.springframework.data.repository.config.RepositoryConfigurationDelegate [main] Bootstrapping Spring Data JPA repositories in DEFAULT mode.
2024-05-26 18:23:09,251 INFO org.springframework.data.repository.config.RepositoryConfigurationDelegate [main] Finished Spring Data repository scanning in 53 ms. Found 5 JPA repository interfaces.
2024-05-26 18:23:09,778 INFO org.springframework.boot.web.embedded.tomcat.TomcatWebServer [main] Tomcat initialized with port 8080 (http)
2024-05-26 18:23:09,787 INFO org.apache.catalina.core.StandardService [main] Starting service [Tomcat]
2024-05-26 18:23:09,788 INFO org.apache.catalina.core.StandardEngine [main] Starting Servlet engine: [Apache Tomcat/10.1.20]
2024-05-26 18:23:09,844 INFO org.apache.catalina.core.ContainerBase.[Tomcat].[localhost].[/] [main] Initializing Spring embedded WebApplicationContext
2024-05-26 18:23:09,845 INFO org.springframework.boot.web.servlet.context.ServletWebServerApplicationContext [main] Root WebApplicationContext: initialization completed in 1377 ms
2024-05-26 18:23:10,064 INFO com.zaxxer.hikari.HikariDataSource [main] HikariPool-1 - Starting...
2024-05-26 18:23:10,203 INFO com.zaxxer.hikari.pool.HikariPool [main] HikariPool-1 - Added connection org.postgresql.jdbc.PgConnection@d0b814d
2024-05-26 18:23:10,204 INFO com.zaxxer.hikari.HikariDataSource [main] HikariPool-1 - Start completed.
2024-05-26 18:23:10,236 INFO org.hibernate.jpa.internal.util.LogHelper [main] HHH000204: Processing PersistenceUnitInfo [name: default]
2024-05-26 18:23:10,289 INFO org.hibernate.Version [main] HHH000412: Hibernate ORM core version 6.4.4.Final
2024-05-26 18:23:10,326 INFO org.hibernate.cache.internal.RegionFactoryInitiator [main] HHH000026: Second-level cache disabled
2024-05-26 18:23:10,542 INFO org.springframework.orm.jpa.persistenceunit.SpringPersistenceUnitInfo [main] No LoadTimeWeaver setup: ignoring JPA class transformer
2024-05-26 18:23:11,596 INFO org.hibernate.engine.transaction.jta.platform.internal.JtaPlatformInitiator [main] HHH000489: No JTA platform available (set 'hibernate.transaction.jta.platform' to enable JTA platform integration)
2024-05-26 18:23:11,598 INFO org.springframework.orm.jpa.LocalContainerEntityManagerFactoryBean [main] Initialized JPA EntityManagerFactory for persistence unit 'default'
2024-05-26 18:23:12,000 WARN org.springframework.boot.autoconfigure.orm.jpa.JpaBaseConfiguration$JpaWebConfiguration [main] spring.jpa.open-in-view is enabled by default. Therefore, database queries may be performed during view rendering. Explicitly configure spring.jpa.open-in-view to disable this warning
2024-05-26 18:23:12,547 INFO org.springframework.boot.actuate.endpoint.web.EndpointLinksResolver [main] Exposing 1 endpoint(s) beneath base path '/actuator'
2024-05-26 18:23:12,611 INFO org.springframework.boot.web.embedded.tomcat.TomcatWebServer [main] Tomcat started on port 8080 (http) with context path ''
2024-05-26 18:23:12,622 INFO za.co.mealprep.MealprepApplication [main] Started MealprepApplication in 4.552 seconds (process running for 5.083)
2024-05-26 18:23:12,846 INFO org.apache.catalina.core.ContainerBase.[Tomcat].[localhost].[/] [RMI TCP Connection(1)-192.168.0.39] Initializing Spring DispatcherServlet 'dispatcherServlet'
2024-05-26 18:23:12,846 INFO org.springframework.web.servlet.DispatcherServlet [RMI TCP Connection(1)-192.168.0.39] Initializing Servlet 'dispatcherServlet'
2024-05-26 18:23:12,847 INFO org.springframework.web.servlet.DispatcherServlet [RMI TCP Connection(1)-192.168.0.39] Completed initialization in 1 ms
2024-05-26 18:23:21,415 INFO org.hibernate.orm.jdbc.batch [http-nio-8080-exec-2] HHH100503: On release of batch it still contained JDBC statements
2024-05-26 18:23:21,416 ERROR org.hibernate.orm.jdbc.batch [http-nio-8080-exec-2] HHH100501: Exception executing batch [java.sql.BatchUpdateException: Batch entry 0 insert into recipe (in_rotation,kcal,meal_type,name,notes,rating,serving_size,id) values ((NULL),('0'::int4),('BREAKFAST'),('a Name'),('a Note'),('1'::int4),('1'::int4),('4'::int8)) was aborted: ERROR: null value in column "in_rotation" of relation "recipe" violates not-null constraint
  Detail: Failing row contains (4, 0, 1, 1, a Note, a Name, BREAKFAST, null).  Call getNextException to see other errors in the batch.], SQL: insert into recipe (in_rotation,kcal,meal_type,name,notes,rating,serving_size,id) values (?,?,?,?,?,?,?,?)
2024-05-26 18:23:21,416 WARN org.hibernate.engine.jdbc.spi.SqlExceptionHelper [http-nio-8080-exec-2] SQL Error: 0, SQLState: 23502
2024-05-26 18:23:21,416 ERROR org.hibernate.engine.jdbc.spi.SqlExceptionHelper [http-nio-8080-exec-2] Batch entry 0 insert into recipe (in_rotation,kcal,meal_type,name,notes,rating,serving_size,id) values ((NULL),('0'::int4),('BREAKFAST'),('a Name'),('a Note'),('1'::int4),('1'::int4),('4'::int8)) was aborted: ERROR: null value in column "in_rotation" of relation "recipe" violates not-null constraint
  Detail: Failing row contains (4, 0, 1, 1, a Note, a Name, BREAKFAST, null).  Call getNextException to see other errors in the batch.
2024-05-26 18:23:21,416 ERROR org.hibernate.engine.jdbc.spi.SqlExceptionHelper [http-nio-8080-exec-2] ERROR: null value in column "in_rotation" of relation "recipe" violates not-null constraint
  Detail: Failing row contains (4, 0, 1, 1, a Note, a Name, BREAKFAST, null).
2024-05-26 18:23:21,427 ERROR za.co.mealprep.exception.RestException [http-nio-8080-exec-2] Something strange happened
2024-05-26 18:24:47,815 INFO org.hibernate.orm.jdbc.batch [http-nio-8080-exec-4] HHH100503: On release of batch it still contained JDBC statements
2024-05-26 18:24:47,816 ERROR org.hibernate.orm.jdbc.batch [http-nio-8080-exec-4] HHH100501: Exception executing batch [java.sql.BatchUpdateException: Batch entry 0 insert into recipe (in_rotation,kcal,meal_type,name,notes,rating,serving_size,id) values ((NULL),('0'::int4),('BREAKFAST'),('a Name'),('a Note'),('1'::int4),('1'::int4),('5'::int8)) was aborted: ERROR: null value in column "in_rotation" of relation "recipe" violates not-null constraint
  Detail: Failing row contains (5, 0, 1, 1, a Note, a Name, BREAKFAST, null).  Call getNextException to see other errors in the batch.], SQL: insert into recipe (in_rotation,kcal,meal_type,name,notes,rating,serving_size,id) values (?,?,?,?,?,?,?,?)
2024-05-26 18:24:47,817 WARN org.hibernate.engine.jdbc.spi.SqlExceptionHelper [http-nio-8080-exec-4] SQL Error: 0, SQLState: 23502
2024-05-26 18:24:47,817 ERROR org.hibernate.engine.jdbc.spi.SqlExceptionHelper [http-nio-8080-exec-4] Batch entry 0 insert into recipe (in_rotation,kcal,meal_type,name,notes,rating,serving_size,id) values ((NULL),('0'::int4),('BREAKFAST'),('a Name'),('a Note'),('1'::int4),('1'::int4),('5'::int8)) was aborted: ERROR: null value in column "in_rotation" of relation "recipe" violates not-null constraint
  Detail: Failing row contains (5, 0, 1, 1, a Note, a Name, BREAKFAST, null).  Call getNextException to see other errors in the batch.
2024-05-26 18:24:47,817 ERROR org.hibernate.engine.jdbc.spi.SqlExceptionHelper [http-nio-8080-exec-4] ERROR: null value in column "in_rotation" of relation "recipe" violates not-null constraint
  Detail: Failing row contains (5, 0, 1, 1, a Note, a Name, BREAKFAST, null).
2024-05-26 18:24:49,582 ERROR za.co.mealprep.exception.RestException [http-nio-8080-exec-4] Something strange happened
2024-05-26 18:26:08,145 WARN com.zaxxer.hikari.pool.HikariPool [HikariPool-1 housekeeper] HikariPool-1 - Thread starvation or clock leap detected (housekeeper delta=1m23s317ms273µs600ns).
2024-05-26 18:26:08,156 INFO org.hibernate.orm.jdbc.batch [http-nio-8080-exec-6] HHH100503: On release of batch it still contained JDBC statements
2024-05-26 18:26:08,157 ERROR org.hibernate.orm.jdbc.batch [http-nio-8080-exec-6] HHH100501: Exception executing batch [java.sql.BatchUpdateException: Batch entry 0 insert into recipe (in_rotation,kcal,meal_type,name,notes,rating,serving_size,id) values ((NULL),('0'::int4),('BREAKFAST'),('a Name'),('a Note'),('1'::int4),('1'::int4),('6'::int8)) was aborted: ERROR: null value in column "in_rotation" of relation "recipe" violates not-null constraint
  Detail: Failing row contains (6, 0, 1, 1, a Note, a Name, BREAKFAST, null).  Call getNextException to see other errors in the batch.], SQL: insert into recipe (in_rotation,kcal,meal_type,name,notes,rating,serving_size,id) values (?,?,?,?,?,?,?,?)
2024-05-26 18:26:08,157 WARN org.hibernate.engine.jdbc.spi.SqlExceptionHelper [http-nio-8080-exec-6] SQL Error: 0, SQLState: 23502
2024-05-26 18:26:08,157 ERROR org.hibernate.engine.jdbc.spi.SqlExceptionHelper [http-nio-8080-exec-6] Batch entry 0 insert into recipe (in_rotation,kcal,meal_type,name,notes,rating,serving_size,id) values ((NULL),('0'::int4),('BREAKFAST'),('a Name'),('a Note'),('1'::int4),('1'::int4),('6'::int8)) was aborted: ERROR: null value in column "in_rotation" of relation "recipe" violates not-null constraint
  Detail: Failing row contains (6, 0, 1, 1, a Note, a Name, BREAKFAST, null).  Call getNextException to see other errors in the batch.
2024-05-26 18:26:08,157 ERROR org.hibernate.engine.jdbc.spi.SqlExceptionHelper [http-nio-8080-exec-6] ERROR: null value in column "in_rotation" of relation "recipe" violates not-null constraint
  Detail: Failing row contains (6, 0, 1, 1, a Note, a Name, BREAKFAST, null).
2024-05-26 18:26:08,158 ERROR za.co.mealprep.exception.RestException [http-nio-8080-exec-6] Something strange happened
2024-05-26 18:26:08,194 INFO org.springframework.orm.jpa.LocalContainerEntityManagerFactoryBean [SpringApplicationShutdownHook] Closing JPA EntityManagerFactory for persistence unit 'default'
2024-05-26 18:26:08,196 INFO com.zaxxer.hikari.HikariDataSource [SpringApplicationShutdownHook] HikariPool-1 - Shutdown initiated...
2024-05-26 18:26:08,199 INFO com.zaxxer.hikari.HikariDataSource [SpringApplicationShutdownHook] HikariPool-1 - Shutdown completed.
2024-05-26 18:26:40,434 INFO za.co.mealprep.MealprepApplication [main] Starting MealprepApplication using Java 17.0.5 with PID 23500 (C:\Software\Projects\mealprep\mealprep\target\classes started by Travm in C:\Software\Projects\mealprep)
2024-05-26 18:26:40,435 INFO za.co.mealprep.MealprepApplication [main] No active profile set, falling back to 1 default profile: "default"
2024-05-26 18:26:41,181 INFO org.springframework.data.repository.config.RepositoryConfigurationDelegate [main] Bootstrapping Spring Data JPA repositories in DEFAULT mode.
2024-05-26 18:26:41,240 INFO org.springframework.data.repository.config.RepositoryConfigurationDelegate [main] Finished Spring Data repository scanning in 52 ms. Found 5 JPA repository interfaces.
2024-05-26 18:26:41,773 INFO org.springframework.boot.web.embedded.tomcat.TomcatWebServer [main] Tomcat initialized with port 8080 (http)
2024-05-26 18:26:41,782 INFO org.apache.catalina.core.StandardService [main] Starting service [Tomcat]
2024-05-26 18:26:41,783 INFO org.apache.catalina.core.StandardEngine [main] Starting Servlet engine: [Apache Tomcat/10.1.20]
2024-05-26 18:26:41,842 INFO org.apache.catalina.core.ContainerBase.[Tomcat].[localhost].[/] [main] Initializing Spring embedded WebApplicationContext
2024-05-26 18:26:41,842 INFO org.springframework.boot.web.servlet.context.ServletWebServerApplicationContext [main] Root WebApplicationContext: initialization completed in 1373 ms
2024-05-26 18:26:42,051 INFO com.zaxxer.hikari.HikariDataSource [main] HikariPool-1 - Starting...
2024-05-26 18:26:42,191 INFO com.zaxxer.hikari.pool.HikariPool [main] HikariPool-1 - Added connection org.postgresql.jdbc.PgConnection@3c17bd0b
2024-05-26 18:26:42,193 INFO com.zaxxer.hikari.HikariDataSource [main] HikariPool-1 - Start completed.
2024-05-26 18:26:42,227 INFO org.hibernate.jpa.internal.util.LogHelper [main] HHH000204: Processing PersistenceUnitInfo [name: default]
2024-05-26 18:26:42,283 INFO org.hibernate.Version [main] HHH000412: Hibernate ORM core version 6.4.4.Final
2024-05-26 18:26:42,321 INFO org.hibernate.cache.internal.RegionFactoryInitiator [main] HHH000026: Second-level cache disabled
2024-05-26 18:26:42,535 INFO org.springframework.orm.jpa.persistenceunit.SpringPersistenceUnitInfo [main] No LoadTimeWeaver setup: ignoring JPA class transformer
2024-05-26 18:26:43,593 INFO org.hibernate.engine.transaction.jta.platform.internal.JtaPlatformInitiator [main] HHH000489: No JTA platform available (set 'hibernate.transaction.jta.platform' to enable JTA platform integration)
2024-05-26 18:26:43,596 INFO org.springframework.orm.jpa.LocalContainerEntityManagerFactoryBean [main] Initialized JPA EntityManagerFactory for persistence unit 'default'
2024-05-26 18:26:44,003 WARN org.springframework.boot.autoconfigure.orm.jpa.JpaBaseConfiguration$JpaWebConfiguration [main] spring.jpa.open-in-view is enabled by default. Therefore, database queries may be performed during view rendering. Explicitly configure spring.jpa.open-in-view to disable this warning
2024-05-26 18:26:44,590 INFO org.springframework.boot.actuate.endpoint.web.EndpointLinksResolver [main] Exposing 1 endpoint(s) beneath base path '/actuator'
2024-05-26 18:26:44,659 INFO org.springframework.boot.web.embedded.tomcat.TomcatWebServer [main] Tomcat started on port 8080 (http) with context path ''
2024-05-26 18:26:44,671 INFO za.co.mealprep.MealprepApplication [main] Started MealprepApplication in 4.61 seconds (process running for 5.132)
2024-05-26 18:26:44,817 INFO org.apache.catalina.core.ContainerBase.[Tomcat].[localhost].[/] [RMI TCP Connection(3)-192.168.0.39] Initializing Spring DispatcherServlet 'dispatcherServlet'
2024-05-26 18:26:44,818 INFO org.springframework.web.servlet.DispatcherServlet [RMI TCP Connection(3)-192.168.0.39] Initializing Servlet 'dispatcherServlet'
2024-05-26 18:26:44,819 INFO org.springframework.web.servlet.DispatcherServlet [RMI TCP Connection(3)-192.168.0.39] Completed initialization in 1 ms
2024-05-26 18:30:43,892 INFO org.springframework.orm.jpa.LocalContainerEntityManagerFactoryBean [SpringApplicationShutdownHook] Closing JPA EntityManagerFactory for persistence unit 'default'
2024-05-26 18:30:43,895 INFO com.zaxxer.hikari.HikariDataSource [SpringApplicationShutdownHook] HikariPool-1 - Shutdown initiated...
2024-05-26 18:30:43,900 INFO com.zaxxer.hikari.HikariDataSource [SpringApplicationShutdownHook] HikariPool-1 - Shutdown completed.
2024-05-26 18:37:40,335 INFO za.co.mealprep.MealprepApplication [main] Starting MealprepApplication using Java 17.0.5 with PID 10088 (C:\Software\Projects\mealprep\mealprep\target\classes started by Travm in C:\Software\Projects\mealprep)
2024-05-26 18:37:40,338 INFO za.co.mealprep.MealprepApplication [main] No active profile set, falling back to 1 default profile: "default"
2024-05-26 18:37:41,143 INFO org.springframework.data.repository.config.RepositoryConfigurationDelegate [main] Bootstrapping Spring Data JPA repositories in DEFAULT mode.
2024-05-26 18:37:41,201 INFO org.springframework.data.repository.config.RepositoryConfigurationDelegate [main] Finished Spring Data repository scanning in 51 ms. Found 5 JPA repository interfaces.
2024-05-26 18:37:41,729 INFO org.springframework.boot.web.embedded.tomcat.TomcatWebServer [main] Tomcat initialized with port 8080 (http)
2024-05-26 18:37:41,738 INFO org.apache.catalina.core.StandardService [main] Starting service [Tomcat]
2024-05-26 18:37:41,739 INFO org.apache.catalina.core.StandardEngine [main] Starting Servlet engine: [Apache Tomcat/10.1.20]
2024-05-26 18:37:41,794 INFO org.apache.catalina.core.ContainerBase.[Tomcat].[localhost].[/] [main] Initializing Spring embedded WebApplicationContext
2024-05-26 18:37:41,794 INFO org.springframework.boot.web.servlet.context.ServletWebServerApplicationContext [main] Root WebApplicationContext: initialization completed in 1421 ms
2024-05-26 18:37:42,016 INFO com.zaxxer.hikari.HikariDataSource [main] HikariPool-1 - Starting...
2024-05-26 18:37:42,162 INFO com.zaxxer.hikari.pool.HikariPool [main] HikariPool-1 - Added connection org.postgresql.jdbc.PgConnection@7babed9e
2024-05-26 18:37:42,163 INFO com.zaxxer.hikari.HikariDataSource [main] HikariPool-1 - Start completed.
2024-05-26 18:37:42,197 INFO org.hibernate.jpa.internal.util.LogHelper [main] HHH000204: Processing PersistenceUnitInfo [name: default]
2024-05-26 18:37:42,252 INFO org.hibernate.Version [main] HHH000412: Hibernate ORM core version 6.4.4.Final
2024-05-26 18:37:42,288 INFO org.hibernate.cache.internal.RegionFactoryInitiator [main] HHH000026: Second-level cache disabled
2024-05-26 18:37:42,515 INFO org.springframework.orm.jpa.persistenceunit.SpringPersistenceUnitInfo [main] No LoadTimeWeaver setup: ignoring JPA class transformer
2024-05-26 18:37:43,599 INFO org.hibernate.engine.transaction.jta.platform.internal.JtaPlatformInitiator [main] HHH000489: No JTA platform available (set 'hibernate.transaction.jta.platform' to enable JTA platform integration)
2024-05-26 18:37:43,602 INFO org.springframework.orm.jpa.LocalContainerEntityManagerFactoryBean [main] Initialized JPA EntityManagerFactory for persistence unit 'default'
2024-05-26 18:37:44,017 WARN org.springframework.boot.autoconfigure.orm.jpa.JpaBaseConfiguration$JpaWebConfiguration [main] spring.jpa.open-in-view is enabled by default. Therefore, database queries may be performed during view rendering. Explicitly configure spring.jpa.open-in-view to disable this warning
2024-05-26 18:37:44,585 INFO org.springframework.boot.actuate.endpoint.web.EndpointLinksResolver [main] Exposing 1 endpoint(s) beneath base path '/actuator'
2024-05-26 18:37:44,659 INFO org.springframework.boot.web.embedded.tomcat.TomcatWebServer [main] Tomcat started on port 8080 (http) with context path ''
2024-05-26 18:37:44,673 INFO za.co.mealprep.MealprepApplication [main] Started MealprepApplication in 4.703 seconds (process running for 5.238)
2024-05-26 18:37:45,250 INFO org.apache.catalina.core.ContainerBase.[Tomcat].[localhost].[/] [RMI TCP Connection(2)-192.168.0.39] Initializing Spring DispatcherServlet 'dispatcherServlet'
2024-05-26 18:37:45,250 INFO org.springframework.web.servlet.DispatcherServlet [RMI TCP Connection(2)-192.168.0.39] Initializing Servlet 'dispatcherServlet'
2024-05-26 18:37:45,251 INFO org.springframework.web.servlet.DispatcherServlet [RMI TCP Connection(2)-192.168.0.39] Completed initialization in 1 ms
2024-05-26 19:22:19,795 INFO org.springframework.orm.jpa.LocalContainerEntityManagerFactoryBean [SpringApplicationShutdownHook] Closing JPA EntityManagerFactory for persistence unit 'default'
2024-05-26 19:22:19,798 INFO com.zaxxer.hikari.HikariDataSource [SpringApplicationShutdownHook] HikariPool-1 - Shutdown initiated...
2024-05-26 19:22:19,802 INFO com.zaxxer.hikari.HikariDataSource [SpringApplicationShutdownHook] HikariPool-1 - Shutdown completed.
